<?xml version="1.0" encoding="UTF-8"?>
<testsuite xmlns:xsi="http://www.w3.org/2001/XMLSchema-instance" xsi:noNamespaceSchemaLocation="https://maven.apache.org/surefire/maven-surefire-plugin/xsd/surefire-test-report-3.0.xsd" version="3.0" name="com.victor.prueba.PruebaApplicationTests" time="4.112" tests="1" errors="0" skipped="0" failures="0">
  <properties>
[...]
</properties>
  <testcase name="contextLoads" classname="com.victor.prueba.PruebaApplicationTests" time="1.148">
    <system-out><![CDATA[16:53:53.675 [main] INFO org.springframework.test.context.support.AnnotationConfigContextLoaderUtils -- Could not detect default configuration classes for test class [com.victor.prueba.PruebaApplicationTests]: PruebaApplicationTests does not declare any static, non-private, non-final, nested classes annotated with @Configuration.
16:53:53.881 [main] INFO org.springframework.boot.test.context.SpringBootTestContextBootstrapper -- Found @SpringBootConfiguration com.victor.prueba.PruebaApplication for test class com.victor.prueba.PruebaApplicationTests

  .   ____          _            __ _ _
 /\\ / ___'_ __ _ _(_)_ __  __ _ \ \ \ \
( ( )\___ | '_ | '_| | '_ \/ _` | \ \ \ \
 \\/  ___)| |_)| | | | | || (_| |  ) ) ) )
  '  |____| .__|_| |_|_| |_\__, | / / / /
 =========|_|==============|___/=/_/_/_/
 :: Spring Boot ::                (v3.2.2)

2024-02-22T16:53:54.543+01:00  INFO 1020 --- [           main] c.victor.prueba.PruebaApplicationTests   : Starting PruebaApplicationTests using Java 17.0.6 with PID 1020 (started by victo in C:\Users\victo\OneDrive\Escritorio\prueba)
2024-02-22T16:53:54.545+01:00  INFO 1020 --- [           main] c.victor.prueba.PruebaApplicationTests   : No active profile set, falling back to 1 default profile: "default"
2024-02-22T16:53:56.353+01:00  INFO 1020 --- [           main] c.victor.prueba.PruebaApplicationTests   : Started PruebaApplicationTests in 2.203 seconds (process running for 3.515)
]]></system-out>
  </testcase>
</testsuite>